[2026-07-23T20:12:46.260Z] [log] %c
 ███████╗ █████╗ ███╗   ██╗████████╗██╗███████╗███████╗██████╗ 
 ██╔════╝██╔══██╗████╗  ██║╚══██╔══╝██║██╔════╝██╔════╝██╔══██╗
 ███████╗███████║██╔██╗ ██║   ██║   ██║█████╗  █████╗  ██████╔╝
 ╚════██║██╔══██║██║╚██╗██║   ██║   ██║██╔══╝  ██╔══╝  ██╔══██╗
 ███████║██║  ██║██║ ╚████║   ██║   ██║██║     ███████╗██║  ██║
 ╚══════╝╚═╝  ╚═╝╚═╝  ╚═══╝   ╚═╝   ╚═╝╚═╝     ╚══════╝╚═╝  ╚═╝
 color: #f97316; font-size: 12px; font-family: monospace;
[2026-07-23T20:12:46.260Z] [log] %c Most people scroll. You inspect. I like that.  background: #f97316; color: #1a1a1a; font-size: 14px; font-weight: bold; padding: 4px 8px; border-radius: 3px;
[2026-07-23T20:12:46.260Z] [log] %cThe %cbest %cwork %cis %cinvisible. color: #94a3b8; font-size: 13px; color: #7e8d9d; font-size: 13px; color: #687882; font-size: 13px; color: #526268; font-size: 13px; color: #3d4d52; font-size: 13px;
[2026-07-23T20:12:46.260Z] [log] %cYou just found some of it. color: #94a3b8; font-size: 13px;
[2026-07-23T20:12:46.260Z] [log] %c I build the details. Let's solve something hard → veltrifinancial@gmail.com  background: #f97316; color: #1a1a1a; font-size: 13px; font-weight: bold; padding: 4px 8px; border-radius: 3px;
[2026-07-23T20:12:46.718Z] [warning] [.WebGL-0x567c01041b00]GL Driver Message (OpenGL, Performance, GL_CLOSE_PATH_NV, High): GPU stall due to ReadPixels
[2026-07-23T20:12:46.830Z] [error] Failed to load resource: the server responded with a status of 404 ()
[2026-07-23T20:12:46.872Z] [warning] [.WebGL-0x567c01041b00]GL Driver Message (OpenGL, Performance, GL_CLOSE_PATH_NV, High): GPU stall due to ReadPixels
[2026-07-23T20:12:47.042Z] [warning] [.WebGL-0x567c01041b00]GL Driver Message (OpenGL, Performance, GL_CLOSE_PATH_NV, High): GPU stall due to ReadPixels
[2026-07-23T20:12:47.210Z] [warning] [.WebGL-0x567c01041b00]GL Driver Message (OpenGL, Performance, GL_CLOSE_PATH_NV, High): GPU stall due to ReadPixels (this message will no longer repeat)
[2026-07-23T20:12:48.371Z] [error] Access to fetch at 'https://api.web3forms.com/submit' from origin 'https://hunter-cv.vercel.app' has been blocked by CORS policy: Response to preflight request doesn't pass access control check: No 'Access-Control-Allow-Origin' header is present on the requested resource.
[2026-07-23T20:12:48.373Z] [error] Failed to load resource: net::ERR_FAILED
[2026-07-23T20:12:51.766Z] [warning] The resource https://hunter-cv.vercel.app/headshot-standing.jpg was preloaded using link preload but not used within a few seconds from the window's load event. Please make sure it has an appropriate `as` value and it is preloaded intentionally.
[2026-07-23T20:12:55.020Z] [warning] The resource https://hunter-cv.vercel.app/headshot-standing.jpg was preloaded using link preload but not used within a few seconds from the window's load event. Please make sure it has an appropriate `as` value and it is preloaded intentionally.
[2026-07-23T20:13:20.090Z] [warning] The resource https://hunter-cv.vercel.app/headshot-standing.jpg was preloaded using link preload but not used within a few seconds from the window's load event. Please make sure it has an appropriate `as` value and it is preloaded intentionally.
[2026-07-23T20:13:24.968Z] [warning] The resource https://hunter-cv.vercel.app/headshot-standing.jpg was preloaded using link preload but not used within a few seconds from the window's load event. Please make sure it has an appropriate `as` value and it is preloaded intentionally.
[2026-07-23T20:13:49.813Z] [warning] The resource https://hunter-cv.vercel.app/headshot-standing.jpg was preloaded using link preload but not used within a few seconds from the window's load event. Please make sure it has an appropriate `as` value and it is preloaded intentionally.
[2026-07-23T20:13:54.857Z] [warning] The resource https://hunter-cv.vercel.app/headshot-standing.jpg was preloaded using link preload but not used within a few seconds from the window's load event. Please make sure it has an appropriate `as` value and it is preloaded intentionally.
[2026-07-23T20:14:19.787Z] [warning] The resource https://hunter-cv.vercel.app/headshot-standing.jpg was preloaded using link preload but not used within a few seconds from the window's load event. Please make sure it has an appropriate `as` value and it is preloaded intentionally.
[2026-07-23T20:14:24.936Z] [warning] The resource https://hunter-cv.vercel.app/headshot-standing.jpg was preloaded using link preload but not used within a few seconds from the window's load event. Please make sure it has an appropriate `as` value and it is preloaded intentionally.
[2026-07-23T20:14:51.842Z] [warning] The resource https://hunter-cv.vercel.app/headshot-standing.jpg was preloaded using link preload but not used within a few seconds from the window's load event. Please make sure it has an appropriate `as` value and it is preloaded intentionally.
[2026-07-23T20:14:55.139Z] [warning] The resource https://hunter-cv.vercel.app/headshot-standing.jpg was preloaded using link preload but not used within a few seconds from the window's load event. Please make sure it has an appropriate `as` value and it is preloaded intentionally.
[2026-07-23T20:15:20.377Z] [warning] The resource https://hunter-cv.vercel.app/headshot-standing.jpg was preloaded using link preload but not used within a few seconds from the window's load event. Please make sure it has an appropriate `as` value and it is preloaded intentionally.
[2026-07-23T20:15:25.222Z] [warning] The resource https://hunter-cv.vercel.app/headshot-standing.jpg was preloaded using link preload but not used within a few seconds from the window's load event. Please make sure it has an appropriate `as` value and it is preloaded intentionally.
[2026-07-23T20:15:51.819Z] [warning] The resource https://hunter-cv.vercel.app/headshot-standing.jpg was preloaded using link preload but not used within a few seconds from the window's load event. Please make sure it has an appropriate `as` value and it is preloaded intentionally.
[2026-07-23T20:15:55.026Z] [warning] The resource https://hunter-cv.vercel.app/headshot-standing.jpg was preloaded using link preload but not used within a few seconds from the window's load event. Please make sure it has an appropriate `as` value and it is preloaded intentionally.
[2026-07-23T20:16:20.143Z] [warning] The resource https://hunter-cv.vercel.app/headshot-standing.jpg was preloaded using link preload but not used within a few seconds from the window's load event. Please make sure it has an appropriate `as` value and it is preloaded intentionally.
[2026-07-23T20:16:25.173Z] [warning] The resource https://hunter-cv.vercel.app/headshot-standing.jpg was preloaded using link preload but not used within a few seconds from the window's load event. Please make sure it has an appropriate `as` value and it is preloaded intentionally.
[2026-07-23T20:16:50.156Z] [warning] The resource https://hunter-cv.vercel.app/headshot-standing.jpg was preloaded using link preload but not used within a few seconds from the window's load event. Please make sure it has an appropriate `as` value and it is preloaded intentionally.
[2026-07-23T20:16:55.273Z] [warning] The resource https://hunter-cv.vercel.app/headshot-standing.jpg was preloaded using link preload but not used within a few seconds from the window's load event. Please make sure it has an appropriate `as` value and it is preloaded intentionally.
[2026-07-23T20:17:19.982Z] [warning] The resource https://hunter-cv.vercel.app/headshot-standing.jpg was preloaded using link preload but not used within a few seconds from the window's load event. Please make sure it has an appropriate `as` value and it is preloaded intentionally.
[2026-07-23T20:17:24.873Z] [warning] The resource https://hunter-cv.vercel.app/headshot-standing.jpg was preloaded using link preload but not used within a few seconds from the window's load event. Please make sure it has an appropriate `as` value and it is preloaded intentionally.
